<?xml version="1.0" encoding="UTF-8"?>
<!-- Generated by org.testng.reporters.JUnitReportReporter -->
<testsuite hostname="Nishies-MacBook-Pro.local" name="EndToEndShoppingWorkflowTests" tests="1" failures="0" timestamp="29 Aug 2019 01:44:46 GMT" time="18.946" errors="0">
  <testcase name="open" time="18.946" classname="EndToEndShoppingWorkflowTests"/>
</testsuite> <!-- EndToEndShoppingWorkflowTests -->
