<?xml version="1.0" encoding="UTF-8"?>
<!-- Generated by org.testng.reporters.JUnitReportReporter -->
<testsuite hostname="Nishies-MacBook-Pro.local" name="EndToEndShoppingWorkflowTests" tests="1" failures="0" timestamp="29 Aug 2019 05:24:27 GMT" time="17.050" errors="0">
  <testcase name="open" time="17.050" classname="EndToEndShoppingWorkflowTests"/>
</testsuite> <!-- EndToEndShoppingWorkflowTests -->
